<?xml version="1.0" encoding="UTF-8"?>
<!-- Generated by org.testng.reporters.JUnitXMLReporter -->
<testsuite hostname="DESKTOP-F7U0S8P" ignored="3" name="ModuleOneTest" tests="1" failures="0" timestamp="2023-03-05T01:09:19 IST" time="0.276" errors="0">
  <testcase name="testOne" time="0.087" classname="parrallelScripts.SampleOneTest"/>
  <testcase name="testTwo" time="0.0" classname="parrallelScripts.SampleOneTest">
    <ignored/>
  </testcase> <!-- testTwo -->
  <testcase name="testFour" time="0.0" classname="parrallelScripts.SampleOneTest">
    <ignored/>
  </testcase> <!-- testFour -->
  <testcase name="testThree" time="0.0" classname="parrallelScripts.SampleOneTest">
    <ignored/>
  </testcase> <!-- testThree -->
</testsuite> <!-- ModuleOneTest -->
