<?xml version="1.0" encoding="UTF-8"?>
<!-- Generated by org.testng.reporters.JUnitXMLReporter -->
<testsuite ignored="0" hostname="DESKTOP-F7U0S8P" failures="0" tests="4" name="ModuleTwoTest" time="0.692" errors="0" timestamp="2023-03-02T19:33:59 IST">
  <testcase classname="parrallelScripts.SampleThreeTest" name="testFour" time="0.119"/>
  <testcase classname="parrallelScripts.SampleThreeTest" name="testOne" time="0.006"/>
  <testcase classname="parrallelScripts.SampleThreeTest" name="testThree" time="0.228"/>
  <testcase classname="parrallelScripts.SampleThreeTest" name="testTwo" time="0.004"/>
</testsuite> <!-- ModuleTwoTest -->
