<?xml version="1.0" encoding="UTF-8"?>
<testng-results skipped="0" failed="0" ignored="3" total="4" passed="1">
  <reporter-output>
  </reporter-output>
  <suite name="SampleSuite" duration-ms="276" started-at="2023-03-05T01:09:19 IST" finished-at="2023-03-05T01:09:19 IST">
    <groups>
      <group name="featureOne">
        <method signature="SampleOneTest.testOne()[pri:0, instance:parrallelScripts.SampleOneTest@33723e30]" name="testOne" class="parrallelScripts.SampleOneTest"/>
      </group> <!-- featureOne -->
    </groups>
    <test name="ModuleOneTest" duration-ms="276" started-at="2023-03-05T01:09:19 IST" finished-at="2023-03-05T01:09:19 IST">
      <class name="parrallelScripts.SampleOneTest">
        <test-method status="PASS" signature="testOne()[pri:0, instance:parrallelScripts.SampleOneTest@33723e30]" name="testOne" duration-ms="87" started-at="2023-03-05T01:09:19 IST" finished-at="2023-03-05T01:09:19 IST">
          <reporter-output>
          </reporter-output>
        </test-method> <!-- testOne -->
      </class> <!-- parrallelScripts.SampleOneTest -->
    </test> <!-- ModuleOneTest -->
  </suite> <!-- SampleSuite -->
</testng-results>
